2016-11-02 16:05:38 DEBUG  [base.SetUpProAndBrowser] [main] 56: property is loaded!!
2016-11-02 16:05:43 DEBUG  [org.apache.http.client.protocol.RequestAddCookies] [Forwarding newSession on session null to remote] 122: CookieSpec selected: best-match
2016-11-02 16:05:43 DEBUG  [org.apache.http.client.protocol.RequestAuthCache] [Forwarding newSession on session null to remote] 75: Auth cache not set in the context
2016-11-02 16:05:43 DEBUG  [org.apache.http.impl.conn.PoolingHttpClientConnectionManager] [Forwarding newSession on session null to remote] 219: Connection request: [route: {}->http://localhost:28799][total kept alive: 0; route allocated: 0 of 2000; total allocated: 0 of 2000]
2016-11-02 16:05:43 DEBUG  [org.apache.http.impl.conn.PoolingHttpClientConnectionManager] [Forwarding newSession on session null to remote] 250: Connection leased: [id: 0][route: {}->http://localhost:28799][total kept alive: 0; route allocated: 1 of 2000; total allocated: 1 of 2000]
2016-11-02 16:05:43 DEBUG  [org.apache.http.impl.execchain.MainClientExec] [Forwarding newSession on session null to remote] 217: Opening connection {}->http://localhost:28799
2016-11-02 16:05:43 DEBUG  [org.apache.http.impl.conn.HttpClientConnectionOperator] [Forwarding newSession on session null to remote] 122: Connecting to localhost/127.0.0.1:28799
2016-11-02 16:05:43 DEBUG  [org.apache.http.impl.conn.HttpClientConnectionOperator] [Forwarding newSession on session null to remote] 129: Connection established 127.0.0.1:6419<->127.0.0.1:28799
2016-11-02 16:05:43 DEBUG  [org.apache.http.impl.execchain.MainClientExec] [Forwarding newSession on session null to remote] 238: Executing request POST /session HTTP/1.1
2016-11-02 16:05:43 DEBUG  [org.apache.http.impl.execchain.MainClientExec] [Forwarding newSession on session null to remote] 243: Target auth state: UNCHALLENGED
2016-11-02 16:05:43 DEBUG  [org.apache.http.impl.execchain.MainClientExec] [Forwarding newSession on session null to remote] 249: Proxy auth state: UNCHALLENGED
2016-11-02 16:05:43 DEBUG  [org.apache.http.headers] [Forwarding newSession on session null to remote] 124: http-outgoing-0 >> POST /session HTTP/1.1
2016-11-02 16:05:43 DEBUG  [org.apache.http.headers] [Forwarding newSession on session null to remote] 127: http-outgoing-0 >> Content-Type: application/json; charset=utf-8
2016-11-02 16:05:43 DEBUG  [org.apache.http.headers] [Forwarding newSession on session null to remote] 127: http-outgoing-0 >> Content-Length: 122
2016-11-02 16:05:43 DEBUG  [org.apache.http.headers] [Forwarding newSession on session null to remote] 127: http-outgoing-0 >> Host: localhost:28799
2016-11-02 16:05:43 DEBUG  [org.apache.http.headers] [Forwarding newSession on session null to remote] 127: http-outgoing-0 >> Connection: Keep-Alive
2016-11-02 16:05:43 DEBUG  [org.apache.http.headers] [Forwarding newSession on session null to remote] 127: http-outgoing-0 >> User-Agent: Apache-HttpClient/4.3.6 (java 1.5)
2016-11-02 16:05:43 DEBUG  [org.apache.http.headers] [Forwarding newSession on session null to remote] 127: http-outgoing-0 >> Accept-Encoding: gzip,deflate
2016-11-02 16:05:43 DEBUG  [org.apache.http.wire] [Forwarding newSession on session null to remote] 72: http-outgoing-0 >> "POST /session HTTP/1.1[\r][\n]"
2016-11-02 16:05:43 DEBUG  [org.apache.http.wire] [Forwarding newSession on session null to remote] 72: http-outgoing-0 >> "Content-Type: application/json; charset=utf-8[\r][\n]"
2016-11-02 16:05:43 DEBUG  [org.apache.http.wire] [Forwarding newSession on session null to remote] 72: http-outgoing-0 >> "Content-Length: 122[\r][\n]"
2016-11-02 16:05:43 DEBUG  [org.apache.http.wire] [Forwarding newSession on session null to remote] 72: http-outgoing-0 >> "Host: localhost:28799[\r][\n]"
2016-11-02 16:05:43 DEBUG  [org.apache.http.wire] [Forwarding newSession on session null to remote] 72: http-outgoing-0 >> "Connection: Keep-Alive[\r][\n]"
2016-11-02 16:05:43 DEBUG  [org.apache.http.wire] [Forwarding newSession on session null to remote] 72: http-outgoing-0 >> "User-Agent: Apache-HttpClient/4.3.6 (java 1.5)[\r][\n]"
2016-11-02 16:05:43 DEBUG  [org.apache.http.wire] [Forwarding newSession on session null to remote] 72: http-outgoing-0 >> "Accept-Encoding: gzip,deflate[\r][\n]"
2016-11-02 16:05:43 DEBUG  [org.apache.http.wire] [Forwarding newSession on session null to remote] 72: http-outgoing-0 >> "[\r][\n]"
2016-11-02 16:05:43 DEBUG  [org.apache.http.wire] [Forwarding newSession on session null to remote] 86: http-outgoing-0 >> "{"desiredCapabilities":{"platform":"ANY","browserName":"chrome","chromeOptions":{"args":[],"extensions":[]},"version":""}}"
2016-11-02 16:05:46 DEBUG  [org.apache.http.wire] [Forwarding newSession on session null to remote] 72: http-outgoing-0 << "HTTP/1.1 200 OK[\r][\n]"
2016-11-02 16:05:46 DEBUG  [org.apache.http.wire] [Forwarding newSession on session null to remote] 72: http-outgoing-0 << "Content-Length:612[\r][\n]"
2016-11-02 16:05:46 DEBUG  [org.apache.http.wire] [Forwarding newSession on session null to remote] 72: http-outgoing-0 << "Content-Type:application/json; charset=utf-8[\r][\n]"
2016-11-02 16:05:46 DEBUG  [org.apache.http.wire] [Forwarding newSession on session null to remote] 72: http-outgoing-0 << "Connection:close[\r][\n]"
2016-11-02 16:05:46 DEBUG  [org.apache.http.wire] [Forwarding newSession on session null to remote] 72: http-outgoing-0 << "[\r][\n]"
2016-11-02 16:05:46 DEBUG  [org.apache.http.wire] [Forwarding newSession on session null to remote] 86: http-outgoing-0 << "{"sessionId":"e5068542330421e2145c94287a5b4b40","status":0,"value":{"acceptSslCerts":true,"applicationCacheEnabled":false,"browserConnectionEnabled":false,"browserName":"chrome","chrome":{"userDataDir":"C:\\Users\\ADMINI~1\\AppData\\Local\\Temp\\scoped_dir8156_28630"},"cssSelectorsEnabled":true,"databaseEnabled":false,"handlesAlerts":true,"hasTouchScreen":false,"javascriptEnabled":true,"locationContextEnabled":true,"mobileEmulationEnabled":false,"nativeEvents":true,"platform":"Windows NT","rotatable":false,"takesHeapSnapshot":true,"takesScreenshot":true,"version":"53.0.2785.143","webStorageEnabled":true}}"
2016-11-02 16:05:46 DEBUG  [org.apache.http.headers] [Forwarding newSession on session null to remote] 113: http-outgoing-0 << HTTP/1.1 200 OK
2016-11-02 16:05:46 DEBUG  [org.apache.http.headers] [Forwarding newSession on session null to remote] 116: http-outgoing-0 << Content-Length:612
2016-11-02 16:05:46 DEBUG  [org.apache.http.headers] [Forwarding newSession on session null to remote] 116: http-outgoing-0 << Content-Type:application/json; charset=utf-8
2016-11-02 16:05:46 DEBUG  [org.apache.http.headers] [Forwarding newSession on session null to remote] 116: http-outgoing-0 << Connection:close
2016-11-02 16:05:46 DEBUG  [org.apache.http.impl.conn.DefaultManagedHttpClientConnection] [Forwarding newSession on session null to remote] 87: http-outgoing-0: Shutdown connection
2016-11-02 16:05:46 DEBUG  [org.apache.http.impl.execchain.MainClientExec] [Forwarding newSession on session null to remote] 126: Connection discarded
2016-11-02 16:05:46 DEBUG  [org.apache.http.impl.conn.DefaultManagedHttpClientConnection] [Forwarding newSession on session null to remote] 79: http-outgoing-0: Close connection
2016-11-02 16:05:46 DEBUG  [org.apache.http.impl.conn.PoolingHttpClientConnectionManager] [Forwarding newSession on session null to remote] 287: Connection released: [id: 0][route: {}->http://localhost:28799][total kept alive: 0; route allocated: 0 of 2000; total allocated: 0 of 2000]
2016-11-02 16:05:46 DEBUG  [base.SetUpProAndBrowser] [main] 34: ChromeDriver has been started!
2016-11-02 16:05:46 DEBUG  [org.apache.http.client.protocol.RequestAddCookies] [Forwarding implicitlyWait on session e5068542330421e2145c94287a5b4b40 to remote] 122: CookieSpec selected: best-match
2016-11-02 16:05:46 DEBUG  [org.apache.http.client.protocol.RequestAuthCache] [Forwarding implicitlyWait on session e5068542330421e2145c94287a5b4b40 to remote] 75: Auth cache not set in the context
2016-11-02 16:05:46 DEBUG  [org.apache.http.impl.conn.PoolingHttpClientConnectionManager] [Forwarding implicitlyWait on session e5068542330421e2145c94287a5b4b40 to remote] 219: Connection request: [route: {}->http://localhost:28799][total kept alive: 0; route allocated: 0 of 2000; total allocated: 0 of 2000]
2016-11-02 16:05:46 DEBUG  [org.apache.http.impl.conn.PoolingHttpClientConnectionManager] [Forwarding implicitlyWait on session e5068542330421e2145c94287a5b4b40 to remote] 250: Connection leased: [id: 1][route: {}->http://localhost:28799][total kept alive: 0; route allocated: 1 of 2000; total allocated: 1 of 2000]
2016-11-02 16:05:46 DEBUG  [org.apache.http.impl.execchain.MainClientExec] [Forwarding implicitlyWait on session e5068542330421e2145c94287a5b4b40 to remote] 217: Opening connection {}->http://localhost:28799
2016-11-02 16:05:46 DEBUG  [org.apache.http.impl.conn.HttpClientConnectionOperator] [Forwarding implicitlyWait on session e5068542330421e2145c94287a5b4b40 to remote] 122: Connecting to localhost/127.0.0.1:28799
2016-11-02 16:05:46 DEBUG  [org.apache.http.impl.conn.HttpClientConnectionOperator] [Forwarding implicitlyWait on session e5068542330421e2145c94287a5b4b40 to remote] 129: Connection established 127.0.0.1:6425<->127.0.0.1:28799
2016-11-02 16:05:46 DEBUG  [org.apache.http.impl.execchain.MainClientExec] [Forwarding implicitlyWait on session e5068542330421e2145c94287a5b4b40 to remote] 238: Executing request POST /session/e5068542330421e2145c94287a5b4b40/timeouts/implicit_wait HTTP/1.1
2016-11-02 16:05:46 DEBUG  [org.apache.http.impl.execchain.MainClientExec] [Forwarding implicitlyWait on session e5068542330421e2145c94287a5b4b40 to remote] 243: Target auth state: UNCHALLENGED
2016-11-02 16:05:46 DEBUG  [org.apache.http.impl.execchain.MainClientExec] [Forwarding implicitlyWait on session e5068542330421e2145c94287a5b4b40 to remote] 249: Proxy auth state: UNCHALLENGED
2016-11-02 16:05:46 DEBUG  [org.apache.http.headers] [Forwarding implicitlyWait on session e5068542330421e2145c94287a5b4b40 to remote] 124: http-outgoing-1 >> POST /session/e5068542330421e2145c94287a5b4b40/timeouts/implicit_wait HTTP/1.1
2016-11-02 16:05:46 DEBUG  [org.apache.http.headers] [Forwarding implicitlyWait on session e5068542330421e2145c94287a5b4b40 to remote] 127: http-outgoing-1 >> Content-Type: application/json; charset=utf-8
2016-11-02 16:05:46 DEBUG  [org.apache.http.headers] [Forwarding implicitlyWait on session e5068542330421e2145c94287a5b4b40 to remote] 127: http-outgoing-1 >> Content-Length: 12
2016-11-02 16:05:46 DEBUG  [org.apache.http.headers] [Forwarding implicitlyWait on session e5068542330421e2145c94287a5b4b40 to remote] 127: http-outgoing-1 >> Host: localhost:28799
2016-11-02 16:05:46 DEBUG  [org.apache.http.headers] [Forwarding implicitlyWait on session e5068542330421e2145c94287a5b4b40 to remote] 127: http-outgoing-1 >> Connection: Keep-Alive
2016-11-02 16:05:46 DEBUG  [org.apache.http.headers] [Forwarding implicitlyWait on session e5068542330421e2145c94287a5b4b40 to remote] 127: http-outgoing-1 >> User-Agent: Apache-HttpClient/4.3.6 (java 1.5)
2016-11-02 16:05:46 DEBUG  [org.apache.http.headers] [Forwarding implicitlyWait on session e5068542330421e2145c94287a5b4b40 to remote] 127: http-outgoing-1 >> Accept-Encoding: gzip,deflate
2016-11-02 16:05:47 DEBUG  [org.apache.http.wire] [Forwarding implicitlyWait on session e5068542330421e2145c94287a5b4b40 to remote] 72: http-outgoing-1 >> "POST /session/e5068542330421e2145c94287a5b4b40/timeouts/implicit_wait HTTP/1.1[\r][\n]"
2016-11-02 16:05:47 DEBUG  [org.apache.http.wire] [Forwarding implicitlyWait on session e5068542330421e2145c94287a5b4b40 to remote] 72: http-outgoing-1 >> "Content-Type: application/json; charset=utf-8[\r][\n]"
2016-11-02 16:05:47 DEBUG  [org.apache.http.wire] [Forwarding implicitlyWait on session e5068542330421e2145c94287a5b4b40 to remote] 72: http-outgoing-1 >> "Content-Length: 12[\r][\n]"
2016-11-02 16:05:47 DEBUG  [org.apache.http.wire] [Forwarding implicitlyWait on session e5068542330421e2145c94287a5b4b40 to remote] 72: http-outgoing-1 >> "Host: localhost:28799[\r][\n]"
2016-11-02 16:05:47 DEBUG  [org.apache.http.wire] [Forwarding implicitlyWait on session e5068542330421e2145c94287a5b4b40 to remote] 72: http-outgoing-1 >> "Connection: Keep-Alive[\r][\n]"
2016-11-02 16:05:47 DEBUG  [org.apache.http.wire] [Forwarding implicitlyWait on session e5068542330421e2145c94287a5b4b40 to remote] 72: http-outgoing-1 >> "User-Agent: Apache-HttpClient/4.3.6 (java 1.5)[\r][\n]"
2016-11-02 16:05:47 DEBUG  [org.apache.http.wire] [Forwarding implicitlyWait on session e5068542330421e2145c94287a5b4b40 to remote] 72: http-outgoing-1 >> "Accept-Encoding: gzip,deflate[\r][\n]"
2016-11-02 16:05:47 DEBUG  [org.apache.http.wire] [Forwarding implicitlyWait on session e5068542330421e2145c94287a5b4b40 to remote] 72: http-outgoing-1 >> "[\r][\n]"
2016-11-02 16:05:47 DEBUG  [org.apache.http.wire] [Forwarding implicitlyWait on session e5068542330421e2145c94287a5b4b40 to remote] 86: http-outgoing-1 >> "{"ms":10000}"
2016-11-02 16:05:47 DEBUG  [org.apache.http.wire] [Forwarding implicitlyWait on session e5068542330421e2145c94287a5b4b40 to remote] 72: http-outgoing-1 << "HTTP/1.1 200 OK[\r][\n]"
2016-11-02 16:05:47 DEBUG  [org.apache.http.wire] [Forwarding implicitlyWait on session e5068542330421e2145c94287a5b4b40 to remote] 72: http-outgoing-1 << "Content-Length:72[\r][\n]"
2016-11-02 16:05:47 DEBUG  [org.apache.http.wire] [Forwarding implicitlyWait on session e5068542330421e2145c94287a5b4b40 to remote] 72: http-outgoing-1 << "Content-Type:application/json; charset=utf-8[\r][\n]"
2016-11-02 16:05:47 DEBUG  [org.apache.http.wire] [Forwarding implicitlyWait on session e5068542330421e2145c94287a5b4b40 to remote] 72: http-outgoing-1 << "Connection:close[\r][\n]"
2016-11-02 16:05:47 DEBUG  [org.apache.http.wire] [Forwarding implicitlyWait on session e5068542330421e2145c94287a5b4b40 to remote] 72: http-outgoing-1 << "[\r][\n]"
2016-11-02 16:05:47 DEBUG  [org.apache.http.wire] [Forwarding implicitlyWait on session e5068542330421e2145c94287a5b4b40 to remote] 86: http-outgoing-1 << "{"sessionId":"e5068542330421e2145c94287a5b4b40","status":0,"value":null}"
2016-11-02 16:05:47 DEBUG  [org.apache.http.headers] [Forwarding implicitlyWait on session e5068542330421e2145c94287a5b4b40 to remote] 113: http-outgoing-1 << HTTP/1.1 200 OK
2016-11-02 16:05:47 DEBUG  [org.apache.http.headers] [Forwarding implicitlyWait on session e5068542330421e2145c94287a5b4b40 to remote] 116: http-outgoing-1 << Content-Length:72
2016-11-02 16:05:47 DEBUG  [org.apache.http.headers] [Forwarding implicitlyWait on session e5068542330421e2145c94287a5b4b40 to remote] 116: http-outgoing-1 << Content-Type:application/json; charset=utf-8
2016-11-02 16:05:47 DEBUG  [org.apache.http.headers] [Forwarding implicitlyWait on session e5068542330421e2145c94287a5b4b40 to remote] 116: http-outgoing-1 << Connection:close
2016-11-02 16:05:47 DEBUG  [org.apache.http.impl.conn.DefaultManagedHttpClientConnection] [Forwarding implicitlyWait on session e5068542330421e2145c94287a5b4b40 to remote] 87: http-outgoing-1: Shutdown connection
2016-11-02 16:05:47 DEBUG  [org.apache.http.impl.execchain.MainClientExec] [Forwarding implicitlyWait on session e5068542330421e2145c94287a5b4b40 to remote] 126: Connection discarded
2016-11-02 16:05:47 DEBUG  [org.apache.http.impl.conn.DefaultManagedHttpClientConnection] [Forwarding implicitlyWait on session e5068542330421e2145c94287a5b4b40 to remote] 79: http-outgoing-1: Close connection
2016-11-02 16:05:47 DEBUG  [org.apache.http.impl.conn.PoolingHttpClientConnectionManager] [Forwarding implicitlyWait on session e5068542330421e2145c94287a5b4b40 to remote] 287: Connection released: [id: 1][route: {}->http://localhost:28799][total kept alive: 0; route allocated: 0 of 2000; total allocated: 0 of 2000]
2016-11-02 16:05:47 DEBUG  [org.apache.http.client.protocol.RequestAddCookies] [Forwarding get on session e5068542330421e2145c94287a5b4b40 to remote] 122: CookieSpec selected: best-match
2016-11-02 16:05:47 DEBUG  [org.apache.http.client.protocol.RequestAuthCache] [Forwarding get on session e5068542330421e2145c94287a5b4b40 to remote] 75: Auth cache not set in the context
2016-11-02 16:05:47 DEBUG  [org.apache.http.impl.conn.PoolingHttpClientConnectionManager] [Forwarding get on session e5068542330421e2145c94287a5b4b40 to remote] 219: Connection request: [route: {}->http://localhost:28799][total kept alive: 0; route allocated: 0 of 2000; total allocated: 0 of 2000]
2016-11-02 16:05:47 DEBUG  [org.apache.http.impl.conn.PoolingHttpClientConnectionManager] [Forwarding get on session e5068542330421e2145c94287a5b4b40 to remote] 250: Connection leased: [id: 2][route: {}->http://localhost:28799][total kept alive: 0; route allocated: 1 of 2000; total allocated: 1 of 2000]
2016-11-02 16:05:47 DEBUG  [org.apache.http.impl.execchain.MainClientExec] [Forwarding get on session e5068542330421e2145c94287a5b4b40 to remote] 217: Opening connection {}->http://localhost:28799
2016-11-02 16:05:47 DEBUG  [org.apache.http.impl.conn.HttpClientConnectionOperator] [Forwarding get on session e5068542330421e2145c94287a5b4b40 to remote] 122: Connecting to localhost/127.0.0.1:28799
2016-11-02 16:05:47 DEBUG  [org.apache.http.impl.conn.HttpClientConnectionOperator] [Forwarding get on session e5068542330421e2145c94287a5b4b40 to remote] 129: Connection established 127.0.0.1:6426<->127.0.0.1:28799
2016-11-02 16:05:47 DEBUG  [org.apache.http.impl.execchain.MainClientExec] [Forwarding get on session e5068542330421e2145c94287a5b4b40 to remote] 238: Executing request POST /session/e5068542330421e2145c94287a5b4b40/url HTTP/1.1
2016-11-02 16:05:47 DEBUG  [org.apache.http.impl.execchain.MainClientExec] [Forwarding get on session e5068542330421e2145c94287a5b4b40 to remote] 243: Target auth state: UNCHALLENGED
2016-11-02 16:05:47 DEBUG  [org.apache.http.impl.execchain.MainClientExec] [Forwarding get on session e5068542330421e2145c94287a5b4b40 to remote] 249: Proxy auth state: UNCHALLENGED
2016-11-02 16:05:47 DEBUG  [org.apache.http.headers] [Forwarding get on session e5068542330421e2145c94287a5b4b40 to remote] 124: http-outgoing-2 >> POST /session/e5068542330421e2145c94287a5b4b40/url HTTP/1.1
2016-11-02 16:05:47 DEBUG  [org.apache.http.headers] [Forwarding get on session e5068542330421e2145c94287a5b4b40 to remote] 127: http-outgoing-2 >> Content-Type: application/json; charset=utf-8
2016-11-02 16:05:47 DEBUG  [org.apache.http.headers] [Forwarding get on session e5068542330421e2145c94287a5b4b40 to remote] 127: http-outgoing-2 >> Content-Length: 31
2016-11-02 16:05:47 DEBUG  [org.apache.http.headers] [Forwarding get on session e5068542330421e2145c94287a5b4b40 to remote] 127: http-outgoing-2 >> Host: localhost:28799
2016-11-02 16:05:47 DEBUG  [org.apache.http.headers] [Forwarding get on session e5068542330421e2145c94287a5b4b40 to remote] 127: http-outgoing-2 >> Connection: Keep-Alive
2016-11-02 16:05:47 DEBUG  [org.apache.http.headers] [Forwarding get on session e5068542330421e2145c94287a5b4b40 to remote] 127: http-outgoing-2 >> User-Agent: Apache-HttpClient/4.3.6 (java 1.5)
2016-11-02 16:05:47 DEBUG  [org.apache.http.headers] [Forwarding get on session e5068542330421e2145c94287a5b4b40 to remote] 127: http-outgoing-2 >> Accept-Encoding: gzip,deflate
2016-11-02 16:05:47 DEBUG  [org.apache.http.wire] [Forwarding get on session e5068542330421e2145c94287a5b4b40 to remote] 72: http-outgoing-2 >> "POST /session/e5068542330421e2145c94287a5b4b40/url HTTP/1.1[\r][\n]"
2016-11-02 16:05:47 DEBUG  [org.apache.http.wire] [Forwarding get on session e5068542330421e2145c94287a5b4b40 to remote] 72: http-outgoing-2 >> "Content-Type: application/json; charset=utf-8[\r][\n]"
2016-11-02 16:05:47 DEBUG  [org.apache.http.wire] [Forwarding get on session e5068542330421e2145c94287a5b4b40 to remote] 72: http-outgoing-2 >> "Content-Length: 31[\r][\n]"
2016-11-02 16:05:47 DEBUG  [org.apache.http.wire] [Forwarding get on session e5068542330421e2145c94287a5b4b40 to remote] 72: http-outgoing-2 >> "Host: localhost:28799[\r][\n]"
2016-11-02 16:05:47 DEBUG  [org.apache.http.wire] [Forwarding get on session e5068542330421e2145c94287a5b4b40 to remote] 72: http-outgoing-2 >> "Connection: Keep-Alive[\r][\n]"
2016-11-02 16:05:47 DEBUG  [org.apache.http.wire] [Forwarding get on session e5068542330421e2145c94287a5b4b40 to remote] 72: http-outgoing-2 >> "User-Agent: Apache-HttpClient/4.3.6 (java 1.5)[\r][\n]"
2016-11-02 16:05:47 DEBUG  [org.apache.http.wire] [Forwarding get on session e5068542330421e2145c94287a5b4b40 to remote] 72: http-outgoing-2 >> "Accept-Encoding: gzip,deflate[\r][\n]"
2016-11-02 16:05:47 DEBUG  [org.apache.http.wire] [Forwarding get on session e5068542330421e2145c94287a5b4b40 to remote] 72: http-outgoing-2 >> "[\r][\n]"
2016-11-02 16:05:47 DEBUG  [org.apache.http.wire] [Forwarding get on session e5068542330421e2145c94287a5b4b40 to remote] 86: http-outgoing-2 >> "{"url":"http://192.168.186.66"}"
2016-11-02 16:05:49 DEBUG  [org.apache.http.wire] [Forwarding get on session e5068542330421e2145c94287a5b4b40 to remote] 72: http-outgoing-2 << "HTTP/1.1 200 OK[\r][\n]"
2016-11-02 16:05:49 DEBUG  [org.apache.http.wire] [Forwarding get on session e5068542330421e2145c94287a5b4b40 to remote] 72: http-outgoing-2 << "Content-Length:72[\r][\n]"
2016-11-02 16:05:49 DEBUG  [org.apache.http.wire] [Forwarding get on session e5068542330421e2145c94287a5b4b40 to remote] 72: http-outgoing-2 << "Content-Type:application/json; charset=utf-8[\r][\n]"
2016-11-02 16:05:49 DEBUG  [org.apache.http.wire] [Forwarding get on session e5068542330421e2145c94287a5b4b40 to remote] 72: http-outgoing-2 << "Connection:close[\r][\n]"
2016-11-02 16:05:49 DEBUG  [org.apache.http.wire] [Forwarding get on session e5068542330421e2145c94287a5b4b40 to remote] 72: http-outgoing-2 << "[\r][\n]"
2016-11-02 16:05:49 DEBUG  [org.apache.http.wire] [Forwarding get on session e5068542330421e2145c94287a5b4b40 to remote] 86: http-outgoing-2 << "{"sessionId":"e5068542330421e2145c94287a5b4b40","status":0,"value":null}"
2016-11-02 16:05:49 DEBUG  [org.apache.http.headers] [Forwarding get on session e5068542330421e2145c94287a5b4b40 to remote] 113: http-outgoing-2 << HTTP/1.1 200 OK
2016-11-02 16:05:49 DEBUG  [org.apache.http.headers] [Forwarding get on session e5068542330421e2145c94287a5b4b40 to remote] 116: http-outgoing-2 << Content-Length:72
2016-11-02 16:05:49 DEBUG  [org.apache.http.headers] [Forwarding get on session e5068542330421e2145c94287a5b4b40 to remote] 116: http-outgoing-2 << Content-Type:application/json; charset=utf-8
2016-11-02 16:05:49 DEBUG  [org.apache.http.headers] [Forwarding get on session e5068542330421e2145c94287a5b4b40 to remote] 116: http-outgoing-2 << Connection:close
2016-11-02 16:05:49 DEBUG  [org.apache.http.impl.conn.DefaultManagedHttpClientConnection] [Forwarding get on session e5068542330421e2145c94287a5b4b40 to remote] 87: http-outgoing-2: Shutdown connection
2016-11-02 16:05:49 DEBUG  [org.apache.http.impl.execchain.MainClientExec] [Forwarding get on session e5068542330421e2145c94287a5b4b40 to remote] 126: Connection discarded
2016-11-02 16:05:49 DEBUG  [org.apache.http.impl.conn.DefaultManagedHttpClientConnection] [Forwarding get on session e5068542330421e2145c94287a5b4b40 to remote] 79: http-outgoing-2: Close connection
2016-11-02 16:05:49 DEBUG  [org.apache.http.impl.conn.PoolingHttpClientConnectionManager] [Forwarding get on session e5068542330421e2145c94287a5b4b40 to remote] 287: Connection released: [id: 2][route: {}->http://localhost:28799][total kept alive: 0; route allocated: 0 of 2000; total allocated: 0 of 2000]
2016-11-02 16:05:52 DEBUG  [org.apache.http.client.protocol.RequestAddCookies] [Forwarding quit on session e5068542330421e2145c94287a5b4b40 to remote] 122: CookieSpec selected: best-match
2016-11-02 16:05:52 DEBUG  [org.apache.http.client.protocol.RequestAuthCache] [Forwarding quit on session e5068542330421e2145c94287a5b4b40 to remote] 75: Auth cache not set in the context
2016-11-02 16:05:52 DEBUG  [org.apache.http.impl.conn.PoolingHttpClientConnectionManager] [Forwarding quit on session e5068542330421e2145c94287a5b4b40 to remote] 219: Connection request: [route: {}->http://localhost:28799][total kept alive: 0; route allocated: 0 of 2000; total allocated: 0 of 2000]
2016-11-02 16:05:52 DEBUG  [org.apache.http.impl.conn.PoolingHttpClientConnectionManager] [Forwarding quit on session e5068542330421e2145c94287a5b4b40 to remote] 250: Connection leased: [id: 3][route: {}->http://localhost:28799][total kept alive: 0; route allocated: 1 of 2000; total allocated: 1 of 2000]
2016-11-02 16:05:52 DEBUG  [org.apache.http.impl.execchain.MainClientExec] [Forwarding quit on session e5068542330421e2145c94287a5b4b40 to remote] 217: Opening connection {}->http://localhost:28799
2016-11-02 16:05:52 DEBUG  [org.apache.http.impl.conn.HttpClientConnectionOperator] [Forwarding quit on session e5068542330421e2145c94287a5b4b40 to remote] 122: Connecting to localhost/127.0.0.1:28799
2016-11-02 16:05:52 DEBUG  [org.apache.http.impl.conn.HttpClientConnectionOperator] [Forwarding quit on session e5068542330421e2145c94287a5b4b40 to remote] 129: Connection established 127.0.0.1:6436<->127.0.0.1:28799
2016-11-02 16:05:52 DEBUG  [org.apache.http.impl.execchain.MainClientExec] [Forwarding quit on session e5068542330421e2145c94287a5b4b40 to remote] 238: Executing request DELETE /session/e5068542330421e2145c94287a5b4b40 HTTP/1.1
2016-11-02 16:05:52 DEBUG  [org.apache.http.impl.execchain.MainClientExec] [Forwarding quit on session e5068542330421e2145c94287a5b4b40 to remote] 243: Target auth state: UNCHALLENGED
2016-11-02 16:05:52 DEBUG  [org.apache.http.impl.execchain.MainClientExec] [Forwarding quit on session e5068542330421e2145c94287a5b4b40 to remote] 249: Proxy auth state: UNCHALLENGED
2016-11-02 16:05:52 DEBUG  [org.apache.http.headers] [Forwarding quit on session e5068542330421e2145c94287a5b4b40 to remote] 124: http-outgoing-3 >> DELETE /session/e5068542330421e2145c94287a5b4b40 HTTP/1.1
2016-11-02 16:05:52 DEBUG  [org.apache.http.headers] [Forwarding quit on session e5068542330421e2145c94287a5b4b40 to remote] 127: http-outgoing-3 >> Host: localhost:28799
2016-11-02 16:05:52 DEBUG  [org.apache.http.headers] [Forwarding quit on session e5068542330421e2145c94287a5b4b40 to remote] 127: http-outgoing-3 >> Connection: Keep-Alive
2016-11-02 16:05:52 DEBUG  [org.apache.http.headers] [Forwarding quit on session e5068542330421e2145c94287a5b4b40 to remote] 127: http-outgoing-3 >> User-Agent: Apache-HttpClient/4.3.6 (java 1.5)
2016-11-02 16:05:52 DEBUG  [org.apache.http.headers] [Forwarding quit on session e5068542330421e2145c94287a5b4b40 to remote] 127: http-outgoing-3 >> Accept-Encoding: gzip,deflate
2016-11-02 16:05:52 DEBUG  [org.apache.http.wire] [Forwarding quit on session e5068542330421e2145c94287a5b4b40 to remote] 72: http-outgoing-3 >> "DELETE /session/e5068542330421e2145c94287a5b4b40 HTTP/1.1[\r][\n]"
2016-11-02 16:05:52 DEBUG  [org.apache.http.wire] [Forwarding quit on session e5068542330421e2145c94287a5b4b40 to remote] 72: http-outgoing-3 >> "Host: localhost:28799[\r][\n]"
2016-11-02 16:05:52 DEBUG  [org.apache.http.wire] [Forwarding quit on session e5068542330421e2145c94287a5b4b40 to remote] 72: http-outgoing-3 >> "Connection: Keep-Alive[\r][\n]"
2016-11-02 16:05:52 DEBUG  [org.apache.http.wire] [Forwarding quit on session e5068542330421e2145c94287a5b4b40 to remote] 72: http-outgoing-3 >> "User-Agent: Apache-HttpClient/4.3.6 (java 1.5)[\r][\n]"
2016-11-02 16:05:52 DEBUG  [org.apache.http.wire] [Forwarding quit on session e5068542330421e2145c94287a5b4b40 to remote] 72: http-outgoing-3 >> "Accept-Encoding: gzip,deflate[\r][\n]"
2016-11-02 16:05:52 DEBUG  [org.apache.http.wire] [Forwarding quit on session e5068542330421e2145c94287a5b4b40 to remote] 72: http-outgoing-3 >> "[\r][\n]"
2016-11-02 16:05:52 DEBUG  [org.apache.http.wire] [Forwarding quit on session e5068542330421e2145c94287a5b4b40 to remote] 72: http-outgoing-3 << "HTTP/1.1 200 OK[\r][\n]"
2016-11-02 16:05:52 DEBUG  [org.apache.http.wire] [Forwarding quit on session e5068542330421e2145c94287a5b4b40 to remote] 72: http-outgoing-3 << "Content-Length:72[\r][\n]"
2016-11-02 16:05:52 DEBUG  [org.apache.http.wire] [Forwarding quit on session e5068542330421e2145c94287a5b4b40 to remote] 72: http-outgoing-3 << "Content-Type:application/json; charset=utf-8[\r][\n]"
2016-11-02 16:05:52 DEBUG  [org.apache.http.wire] [Forwarding quit on session e5068542330421e2145c94287a5b4b40 to remote] 72: http-outgoing-3 << "Connection:close[\r][\n]"
2016-11-02 16:05:52 DEBUG  [org.apache.http.wire] [Forwarding quit on session e5068542330421e2145c94287a5b4b40 to remote] 72: http-outgoing-3 << "[\r][\n]"
2016-11-02 16:05:52 DEBUG  [org.apache.http.wire] [Forwarding quit on session e5068542330421e2145c94287a5b4b40 to remote] 86: http-outgoing-3 << "{"sessionId":"e5068542330421e2145c94287a5b4b40","status":0,"value":null}"
2016-11-02 16:05:52 DEBUG  [org.apache.http.headers] [Forwarding quit on session e5068542330421e2145c94287a5b4b40 to remote] 113: http-outgoing-3 << HTTP/1.1 200 OK
2016-11-02 16:05:52 DEBUG  [org.apache.http.headers] [Forwarding quit on session e5068542330421e2145c94287a5b4b40 to remote] 116: http-outgoing-3 << Content-Length:72
2016-11-02 16:05:52 DEBUG  [org.apache.http.headers] [Forwarding quit on session e5068542330421e2145c94287a5b4b40 to remote] 116: http-outgoing-3 << Content-Type:application/json; charset=utf-8
2016-11-02 16:05:52 DEBUG  [org.apache.http.headers] [Forwarding quit on session e5068542330421e2145c94287a5b4b40 to remote] 116: http-outgoing-3 << Connection:close
2016-11-02 16:05:52 DEBUG  [org.apache.http.impl.conn.DefaultManagedHttpClientConnection] [Forwarding quit on session e5068542330421e2145c94287a5b4b40 to remote] 87: http-outgoing-3: Shutdown connection
2016-11-02 16:05:52 DEBUG  [org.apache.http.impl.execchain.MainClientExec] [Forwarding quit on session e5068542330421e2145c94287a5b4b40 to remote] 126: Connection discarded
2016-11-02 16:05:52 DEBUG  [org.apache.http.impl.conn.DefaultManagedHttpClientConnection] [Forwarding quit on session e5068542330421e2145c94287a5b4b40 to remote] 79: http-outgoing-3: Close connection
2016-11-02 16:05:52 DEBUG  [org.apache.http.impl.conn.PoolingHttpClientConnectionManager] [Forwarding quit on session e5068542330421e2145c94287a5b4b40 to remote] 287: Connection released: [id: 3][route: {}->http://localhost:28799][total kept alive: 0; route allocated: 0 of 2000; total allocated: 0 of 2000]
