2016-11-10 10:48:40 ERROR  [base.MyTestngListener] [main] 22: expected [baidu] but found [百度一下]
 2016-11-10 10:48:49 ERROR  [base.MyTestngListener] [main] 22: expected [baidu] but found [百度一下]
 2016-11-10 10:51:15 ERROR  [base.MyTestngListener] [main] 22: expected [baidu] but found [百度一下]
 2016-11-10 10:51:22 ERROR  [base.MyTestngListener] [main] 22: expected [baidu] but found [百度一下]
 2016-11-10 10:57:02 ERROR  [base.MyTestngListener] [main] 22: expected [baidu] but found [百度一下]
 2016-11-10 10:57:02 ERROR  [base.MyTestngListener] [main] 23: java.lang.AssertionError: expected [baidu] but found [百度一下]
 2016-11-10 10:57:07 ERROR  [base.MyTestngListener] [main] 22: expected [baidu] but found [百度一下]
 2016-11-10 10:57:07 ERROR  [base.MyTestngListener] [main] 23: java.lang.AssertionError: expected [baidu] but found [百度一下]
 2016-11-10 11:14:16 ERROR  [base.MyTestngListener] [main] 22: expected [baidu] but found [百度一下]
 2016-11-10 11:14:21 ERROR  [base.MyTestngListener] [main] 22: expected [baidu] but found [百度一下]
 2016-11-10 11:16:09 ERROR  [base.MyTestngListener] [main] 22: expected [baidu] but found [百度一下]
 2016-11-10 11:16:16 ERROR  [base.MyTestngListener] [main] 22: expected [baidu] but found [百度一下]
 2016-11-10 14:26:12 ERROR  [base.TestCaseListener] [main] 97: expected [baidu] but found [百度一下]
 2016-11-10 14:26:17 ERROR  [base.TestCaseListener] [main] 97: expected [baidu] but found [百度一下]
 2016-11-10 14:44:33 ERROR  [base.TestCaseListener] [main] 110: expected [baidu] but found [百度一下]
 2016-11-10 14:44:38 ERROR  [base.TestCaseListener] [main] 110: expected [baidu] but found [百度一下]
 2016-11-10 15:01:39 ERROR  [base.TestCaseListener] [main] 110: expected [baidu] but found [百度一下]
 2016-11-10 15:01:44 ERROR  [base.TestCaseListener] [main] 110: expected [baidu] but found [百度一下]
 2016-11-10 15:01:46 ERROR  [base.TestCaseListener] [main] 110: expected [baidu] but found [百度一下]
 2016-11-10 15:01:49 ERROR  [base.TestCaseListener] [main] 110: expected [baidu] but found [百度一下]
 2016-11-10 15:08:28 ERROR  [base.TestCaseListener] [main] 110: expected [baidu] but found [百度一下]
 2016-11-10 15:08:33 ERROR  [base.TestCaseListener] [main] 110: expected [baidu] but found [百度一下]
 2016-11-10 15:08:37 ERROR  [base.TestCaseListener] [main] 110: expected [baidu] but found [百度一下]
 2016-11-10 17:05:25 ERROR  [base.TestCaseListener] [TestNG] 93: 获取到的错误方法是：testcase.DebugCase.loginAmr
 2016-11-10 17:05:25 ERROR  [base.TestCaseListener] [TestNG] 97: stale element reference: element is not attached to the page document
  (Session info: chrome=53.0.2785.143)
  (Driver info: chromedriver=2.19.346078 (6f1f0cde889532d48ce8242342d0b84f94b114a1),platform=Windows NT 6.1 SP1 x86_64) (WARNING: The server did not provide any stacktrace information)
Command duration or timeout: 1.35 seconds
For documentation on this error, please visit: http://seleniumhq.org/exceptions/stale_element_reference.html
Build info: version: '2.45.0', revision: '32a636c', time: '2015-03-05 22:01:35'
System info: host: 'JOLIN-20150326Q', ip: '192.168.15.0', os.name: 'Windows 7', os.arch: 'amd64', os.version: '6.1', java.version: '1.7.0_67'
Session ID: c45960eed42a4f29c4e6acd60537a63f
Driver info: org.openqa.selenium.chrome.ChromeDriver
Capabilities [{platform=XP, acceptSslCerts=true, javascriptEnabled=true, browserName=chrome, chrome={userDataDir=C:\Users\ADMINI~1\AppData\Local\Temp\scoped_dir7584_18057}, rotatable=false, locationContextEnabled=true, mobileEmulationEnabled=false, version=53.0.2785.143, takesHeapSnapshot=true, cssSelectorsEnabled=true, databaseEnabled=false, handlesAlerts=true, browserConnectionEnabled=false, webStorageEnabled=true, nativeEvents=true, hasTouchScreen=false, applicationCacheEnabled=false, takesScreenshot=true}]
 2016-11-10 17:05:25 ERROR  [base.TestCaseListener] [TestNG] 105: stale element reference: element is not attached to the page document
  (Session info: chrome=53.0.2785.143)
  (Driver info: chromedriver=2.19.346078 (6f1f0cde889532d48ce8242342d0b84f94b114a1),platform=Windows NT 6.1 SP1 x86_64) (WARNING: The server did not provide any stacktrace information)
Command duration or timeout: 1.35 seconds
For documentation on this error, please visit: http://seleniumhq.org/exceptions/stale_element_reference.html
Build info: version: '2.45.0', revision: '32a636c', time: '2015-03-05 22:01:35'
System info: host: 'JOLIN-20150326Q', ip: '192.168.15.0', os.name: 'Windows 7', os.arch: 'amd64', os.version: '6.1', java.version: '1.7.0_67'
Session ID: c45960eed42a4f29c4e6acd60537a63f
Driver info: org.openqa.selenium.chrome.ChromeDriver
Capabilities [{platform=XP, acceptSslCerts=true, javascriptEnabled=true, browserName=chrome, chrome={userDataDir=C:\Users\ADMINI~1\AppData\Local\Temp\scoped_dir7584_18057}, rotatable=false, locationContextEnabled=true, mobileEmulationEnabled=false, version=53.0.2785.143, takesHeapSnapshot=true, cssSelectorsEnabled=true, databaseEnabled=false, handlesAlerts=true, browserConnectionEnabled=false, webStorageEnabled=true, nativeEvents=true, hasTouchScreen=false, applicationCacheEnabled=false, takesScreenshot=true}]
 2016-11-10 17:06:49 ERROR  [base.TestCaseListener] [main] 93: 获取到的错误方法是：testcase.DebugCase.loginAmr
 2016-11-10 17:06:49 ERROR  [base.TestCaseListener] [main] 97: no such element: Unable to locate element: {"method":"id","selector":"loginName"}
  (Session info: chrome=53.0.2785.143)
  (Driver info: chromedriver=2.19.346078 (6f1f0cde889532d48ce8242342d0b84f94b114a1),platform=Windows NT 6.1 SP1 x86_64) (WARNING: The server did not provide any stacktrace information)
Command duration or timeout: 11.07 seconds
For documentation on this error, please visit: http://seleniumhq.org/exceptions/no_such_element.html
Build info: version: '2.45.0', revision: '32a636c', time: '2015-03-05 22:01:35'
System info: host: 'JOLIN-20150326Q', ip: '192.168.15.0', os.name: 'Windows 7', os.arch: 'amd64', os.version: '6.1', java.version: '1.7.0_67'
*** Element info: {Using=id, value=loginName}
Session ID: b7ff21c476afa2d418e0bff940e527f5
Driver info: org.openqa.selenium.chrome.ChromeDriver
Capabilities [{platform=XP, acceptSslCerts=true, javascriptEnabled=true, browserName=chrome, chrome={userDataDir=C:\Users\ADMINI~1\AppData\Local\Temp\scoped_dir9644_14439}, rotatable=false, locationContextEnabled=true, mobileEmulationEnabled=false, version=53.0.2785.143, takesHeapSnapshot=true, cssSelectorsEnabled=true, databaseEnabled=false, handlesAlerts=true, browserConnectionEnabled=false, webStorageEnabled=true, nativeEvents=true, hasTouchScreen=false, applicationCacheEnabled=false, takesScreenshot=true}]
 2016-11-10 17:06:56 ERROR  [base.TestCaseListener] [main] 93: 获取到的错误方法是：testcase.DebugCase.loginAmr
 2016-11-10 17:06:56 ERROR  [base.TestCaseListener] [main] 97: unknown error: Element is not clickable at point (407, 74). Other element would receive the click: <div class="layui-layer-shade" id="layui-layer-shade3" times="3" style="z-index:19891016; background-color:#000; opacity:0.3; filter:alpha(opacity=30);"></div>
  (Session info: chrome=53.0.2785.143)
  (Driver info: chromedriver=2.19.346078 (6f1f0cde889532d48ce8242342d0b84f94b114a1),platform=Windows NT 6.1 SP1 x86_64) (WARNING: The server did not provide any stacktrace information)
Command duration or timeout: 249 milliseconds
Build info: version: '2.45.0', revision: '32a636c', time: '2015-03-05 22:01:35'
System info: host: 'JOLIN-20150326Q', ip: '192.168.15.0', os.name: 'Windows 7', os.arch: 'amd64', os.version: '6.1', java.version: '1.7.0_67'
Session ID: b7ff21c476afa2d418e0bff940e527f5
Driver info: org.openqa.selenium.chrome.ChromeDriver
Capabilities [{platform=XP, acceptSslCerts=true, javascriptEnabled=true, browserName=chrome, chrome={userDataDir=C:\Users\ADMINI~1\AppData\Local\Temp\scoped_dir9644_14439}, rotatable=false, locationContextEnabled=true, mobileEmulationEnabled=false, version=53.0.2785.143, takesHeapSnapshot=true, cssSelectorsEnabled=true, databaseEnabled=false, handlesAlerts=true, browserConnectionEnabled=false, webStorageEnabled=true, nativeEvents=true, hasTouchScreen=false, applicationCacheEnabled=false, takesScreenshot=true}]
 2016-11-10 17:06:56 ERROR  [base.TestCaseListener] [main] 105: unknown error: Element is not clickable at point (407, 74). Other element would receive the click: <div class="layui-layer-shade" id="layui-layer-shade3" times="3" style="z-index:19891016; background-color:#000; opacity:0.3; filter:alpha(opacity=30);"></div>
  (Session info: chrome=53.0.2785.143)
  (Driver info: chromedriver=2.19.346078 (6f1f0cde889532d48ce8242342d0b84f94b114a1),platform=Windows NT 6.1 SP1 x86_64) (WARNING: The server did not provide any stacktrace information)
Command duration or timeout: 249 milliseconds
Build info: version: '2.45.0', revision: '32a636c', time: '2015-03-05 22:01:35'
System info: host: 'JOLIN-20150326Q', ip: '192.168.15.0', os.name: 'Windows 7', os.arch: 'amd64', os.version: '6.1', java.version: '1.7.0_67'
Session ID: b7ff21c476afa2d418e0bff940e527f5
Driver info: org.openqa.selenium.chrome.ChromeDriver
Capabilities [{platform=XP, acceptSslCerts=true, javascriptEnabled=true, browserName=chrome, chrome={userDataDir=C:\Users\ADMINI~1\AppData\Local\Temp\scoped_dir9644_14439}, rotatable=false, locationContextEnabled=true, mobileEmulationEnabled=false, version=53.0.2785.143, takesHeapSnapshot=true, cssSelectorsEnabled=true, databaseEnabled=false, handlesAlerts=true, browserConnectionEnabled=false, webStorageEnabled=true, nativeEvents=true, hasTouchScreen=false, applicationCacheEnabled=false, takesScreenshot=true}]
 2016-11-10 17:11:07 ERROR  [base.TestCaseListener] [main] 129: Timed out after 5 seconds waiting for alert to be present
Build info: version: '2.45.0', revision: '32a636c', time: '2015-03-05 22:01:35'
System info: host: 'JOLIN-20150326Q', ip: '192.168.15.0', os.name: 'Windows 7', os.arch: 'amd64', os.version: '6.1', java.version: '1.7.0_67'
Driver info: com.sun.proxy.$Proxy8
 2016-11-10 17:16:45 ERROR  [base.TestCaseListener] [main] 130: Timed out after 3 seconds waiting for alert to be present
Build info: version: '2.45.0', revision: '32a636c', time: '2015-03-05 22:01:35'
System info: host: 'JOLIN-20150326Q', ip: '192.168.15.0', os.name: 'Windows 7', os.arch: 'amd64', os.version: '6.1', java.version: '1.7.0_67'
Driver info: com.sun.proxy.$Proxy8
 2016-11-10 17:26:38 ERROR  [base.TestCaseListener] [main] 120: 获取到的错误方法是：testcase.DebugCase.loginAmr
 2016-11-10 17:26:38 ERROR  [base.TestCaseListener] [main] 124: no such element: Unable to locate element: {"method":"id","selector":"loginName"}
  (Session info: chrome=53.0.2785.143)
  (Driver info: chromedriver=2.19.346078 (6f1f0cde889532d48ce8242342d0b84f94b114a1),platform=Windows NT 6.1 SP1 x86_64) (WARNING: The server did not provide any stacktrace information)
Command duration or timeout: 10.04 seconds
For documentation on this error, please visit: http://seleniumhq.org/exceptions/no_such_element.html
Build info: version: '2.45.0', revision: '32a636c', time: '2015-03-05 22:01:35'
System info: host: 'JOLIN-20150326Q', ip: '192.168.15.0', os.name: 'Windows 7', os.arch: 'amd64', os.version: '6.1', java.version: '1.7.0_67'
*** Element info: {Using=id, value=loginName}
Session ID: a8dee3ef77c3bc835364e64f55bf6c76
Driver info: org.openqa.selenium.chrome.ChromeDriver
Capabilities [{platform=XP, acceptSslCerts=true, javascriptEnabled=true, browserName=chrome, chrome={userDataDir=C:\Users\ADMINI~1\AppData\Local\Temp\scoped_dir7936_190}, rotatable=false, locationContextEnabled=true, mobileEmulationEnabled=false, version=53.0.2785.143, takesHeapSnapshot=true, cssSelectorsEnabled=true, databaseEnabled=false, handlesAlerts=true, browserConnectionEnabled=false, webStorageEnabled=true, nativeEvents=true, hasTouchScreen=false, applicationCacheEnabled=false, takesScreenshot=true}]
 2016-11-10 17:26:51 ERROR  [base.TestCaseListener] [main] 120: 获取到的错误方法是：testcase.DebugCase.loginAmr
 2016-11-10 17:26:51 ERROR  [base.TestCaseListener] [main] 124: unknown error: Element is not clickable at point (407, 74). Other element would receive the click: <div class="layui-layer-shade" id="layui-layer-shade3" times="3" style="z-index:19891016; background-color:#000; opacity:0.3; filter:alpha(opacity=30);"></div>
  (Session info: chrome=53.0.2785.143)
  (Driver info: chromedriver=2.19.346078 (6f1f0cde889532d48ce8242342d0b84f94b114a1),platform=Windows NT 6.1 SP1 x86_64) (WARNING: The server did not provide any stacktrace information)
Command duration or timeout: 252 milliseconds
Build info: version: '2.45.0', revision: '32a636c', time: '2015-03-05 22:01:35'
System info: host: 'JOLIN-20150326Q', ip: '192.168.15.0', os.name: 'Windows 7', os.arch: 'amd64', os.version: '6.1', java.version: '1.7.0_67'
Session ID: a8dee3ef77c3bc835364e64f55bf6c76
Driver info: org.openqa.selenium.chrome.ChromeDriver
Capabilities [{platform=XP, acceptSslCerts=true, javascriptEnabled=true, browserName=chrome, chrome={userDataDir=C:\Users\ADMINI~1\AppData\Local\Temp\scoped_dir7936_190}, rotatable=false, locationContextEnabled=true, mobileEmulationEnabled=false, version=53.0.2785.143, takesHeapSnapshot=true, cssSelectorsEnabled=true, databaseEnabled=false, handlesAlerts=true, browserConnectionEnabled=false, webStorageEnabled=true, nativeEvents=true, hasTouchScreen=false, applicationCacheEnabled=false, takesScreenshot=true}]
 2016-11-10 17:26:51 ERROR  [base.TestCaseListener] [main] 157: unknown error: Element is not clickable at point (407, 74). Other element would receive the click: <div class="layui-layer-shade" id="layui-layer-shade3" times="3" style="z-index:19891016; background-color:#000; opacity:0.3; filter:alpha(opacity=30);"></div>
  (Session info: chrome=53.0.2785.143)
  (Driver info: chromedriver=2.19.346078 (6f1f0cde889532d48ce8242342d0b84f94b114a1),platform=Windows NT 6.1 SP1 x86_64) (WARNING: The server did not provide any stacktrace information)
Command duration or timeout: 252 milliseconds
Build info: version: '2.45.0', revision: '32a636c', time: '2015-03-05 22:01:35'
System info: host: 'JOLIN-20150326Q', ip: '192.168.15.0', os.name: 'Windows 7', os.arch: 'amd64', os.version: '6.1', java.version: '1.7.0_67'
Session ID: a8dee3ef77c3bc835364e64f55bf6c76
Driver info: org.openqa.selenium.chrome.ChromeDriver
Capabilities [{platform=XP, acceptSslCerts=true, javascriptEnabled=true, browserName=chrome, chrome={userDataDir=C:\Users\ADMINI~1\AppData\Local\Temp\scoped_dir7936_190}, rotatable=false, locationContextEnabled=true, mobileEmulationEnabled=false, version=53.0.2785.143, takesHeapSnapshot=true, cssSelectorsEnabled=true, databaseEnabled=false, handlesAlerts=true, browserConnectionEnabled=false, webStorageEnabled=true, nativeEvents=true, hasTouchScreen=false, applicationCacheEnabled=false, takesScreenshot=true}]
 2016-11-10 17:29:39 ERROR  [base.TestCaseListener] [main] 120: 获取到的错误方法是：testcase.DebugCase.loginAmr
 2016-11-10 17:29:39 ERROR  [base.TestCaseListener] [main] 124: no such element: Unable to locate element: {"method":"id","selector":"loginName"}
  (Session info: chrome=53.0.2785.143)
  (Driver info: chromedriver=2.19.346078 (6f1f0cde889532d48ce8242342d0b84f94b114a1),platform=Windows NT 6.1 SP1 x86_64) (WARNING: The server did not provide any stacktrace information)
Command duration or timeout: 10.03 seconds
For documentation on this error, please visit: http://seleniumhq.org/exceptions/no_such_element.html
Build info: version: '2.45.0', revision: '32a636c', time: '2015-03-05 22:01:35'
System info: host: 'JOLIN-20150326Q', ip: '192.168.15.0', os.name: 'Windows 7', os.arch: 'amd64', os.version: '6.1', java.version: '1.7.0_67'
*** Element info: {Using=id, value=loginName}
Session ID: f9c43d546b6ba5a8edf50b05c8d7b189
Driver info: org.openqa.selenium.chrome.ChromeDriver
Capabilities [{platform=XP, acceptSslCerts=true, javascriptEnabled=true, browserName=chrome, chrome={userDataDir=C:\Users\ADMINI~1\AppData\Local\Temp\scoped_dir4772_17765}, rotatable=false, locationContextEnabled=true, mobileEmulationEnabled=false, version=53.0.2785.143, takesHeapSnapshot=true, cssSelectorsEnabled=true, databaseEnabled=false, handlesAlerts=true, browserConnectionEnabled=false, webStorageEnabled=true, nativeEvents=true, hasTouchScreen=false, applicationCacheEnabled=false, takesScreenshot=true}]
 2016-11-10 17:38:10 ERROR  [base.TestCaseListener] [main] 120: 获取到的错误方法是：testcase.DebugCase.loginAmr
 2016-11-10 17:38:10 ERROR  [base.TestCaseListener] [main] 124: no such element: Unable to locate element: {"method":"id","selector":"loginName"}
  (Session info: chrome=53.0.2785.143)
  (Driver info: chromedriver=2.19.346078 (6f1f0cde889532d48ce8242342d0b84f94b114a1),platform=Windows NT 6.1 SP1 x86_64) (WARNING: The server did not provide any stacktrace information)
Command duration or timeout: 10.07 seconds
For documentation on this error, please visit: http://seleniumhq.org/exceptions/no_such_element.html
Build info: version: '2.45.0', revision: '32a636c', time: '2015-03-05 22:01:35'
System info: host: 'JOLIN-20150326Q', ip: '192.168.15.0', os.name: 'Windows 7', os.arch: 'amd64', os.version: '6.1', java.version: '1.7.0_67'
*** Element info: {Using=id, value=loginName}
Session ID: 8655769ec95dabe8bc881767d5835070
Driver info: org.openqa.selenium.chrome.ChromeDriver
Capabilities [{platform=XP, acceptSslCerts=true, javascriptEnabled=true, browserName=chrome, chrome={userDataDir=C:\Users\ADMINI~1\AppData\Local\Temp\scoped_dir9688_4101}, rotatable=false, locationContextEnabled=true, mobileEmulationEnabled=false, version=53.0.2785.143, takesHeapSnapshot=true, cssSelectorsEnabled=true, databaseEnabled=false, handlesAlerts=true, browserConnectionEnabled=false, webStorageEnabled=true, nativeEvents=true, hasTouchScreen=false, applicationCacheEnabled=false, takesScreenshot=true}]
 2016-11-10 17:43:07 ERROR  [base.TestCaseListener] [main] 97: 获取到的错误方法是：testcase.DebugCase.loginAmr
 2016-11-10 17:43:07 ERROR  [base.TestCaseListener] [main] 101: no such element: Unable to locate element: {"method":"id","selector":"loginName"}
  (Session info: chrome=53.0.2785.143)
  (Driver info: chromedriver=2.19.346078 (6f1f0cde889532d48ce8242342d0b84f94b114a1),platform=Windows NT 6.1 SP1 x86_64) (WARNING: The server did not provide any stacktrace information)
Command duration or timeout: 11.25 seconds
For documentation on this error, please visit: http://seleniumhq.org/exceptions/no_such_element.html
Build info: version: '2.45.0', revision: '32a636c', time: '2015-03-05 22:01:35'
System info: host: 'JOLIN-20150326Q', ip: '192.168.15.0', os.name: 'Windows 7', os.arch: 'amd64', os.version: '6.1', java.version: '1.7.0_67'
*** Element info: {Using=id, value=loginName}
Session ID: d6c76ca32caeaf27d638ee0742ae1b19
Driver info: org.openqa.selenium.chrome.ChromeDriver
Capabilities [{platform=XP, acceptSslCerts=true, javascriptEnabled=true, browserName=chrome, chrome={userDataDir=C:\Users\ADMINI~1\AppData\Local\Temp\scoped_dir10320_31276}, rotatable=false, locationContextEnabled=true, mobileEmulationEnabled=false, version=53.0.2785.143, takesHeapSnapshot=true, cssSelectorsEnabled=true, databaseEnabled=false, handlesAlerts=true, browserConnectionEnabled=false, webStorageEnabled=true, nativeEvents=true, hasTouchScreen=false, applicationCacheEnabled=false, takesScreenshot=true}]
 2016-11-10 17:46:19 ERROR  [base.TestCaseListener] [main] 97: 获取到的错误方法是：testcase.DebugCase.loginAmr,行数是：23
 2016-11-10 17:46:19 ERROR  [base.TestCaseListener] [main] 101: no such element: Unable to locate element: {"method":"id","selector":"loginName"}
  (Session info: chrome=53.0.2785.143)
  (Driver info: chromedriver=2.19.346078 (6f1f0cde889532d48ce8242342d0b84f94b114a1),platform=Windows NT 6.1 SP1 x86_64) (WARNING: The server did not provide any stacktrace information)
Command duration or timeout: 10.64 seconds
For documentation on this error, please visit: http://seleniumhq.org/exceptions/no_such_element.html
Build info: version: '2.45.0', revision: '32a636c', time: '2015-03-05 22:01:35'
System info: host: 'JOLIN-20150326Q', ip: '192.168.15.0', os.name: 'Windows 7', os.arch: 'amd64', os.version: '6.1', java.version: '1.7.0_67'
*** Element info: {Using=id, value=loginName}
Session ID: 352c106748f618b5874826c444a33d38
Driver info: org.openqa.selenium.chrome.ChromeDriver
Capabilities [{platform=XP, acceptSslCerts=true, javascriptEnabled=true, browserName=chrome, chrome={userDataDir=C:\Users\ADMINI~1\AppData\Local\Temp\scoped_dir9452_18721}, rotatable=false, locationContextEnabled=true, mobileEmulationEnabled=false, version=53.0.2785.143, takesHeapSnapshot=true, cssSelectorsEnabled=true, databaseEnabled=false, handlesAlerts=true, browserConnectionEnabled=false, webStorageEnabled=true, nativeEvents=true, hasTouchScreen=false, applicationCacheEnabled=false, takesScreenshot=true}]
 